<?xml version="1.0" encoding="utf-8"?><testsuites name="pytest tests"><testsuite name="pytest" errors="0" failures="0" skipped="0" tests="19" time="7.655" timestamp="2026-09-19T14:38:31.957652+00:00" hostname="agent-env-0c6f7d06-1ae6-40a9-a811-3a31a68dda73"><testcase classname="tests.test_cashpe_backend" name="test_health" time="0.220" /><testcase classname="tests.test_cashpe_backend" name="test_request_otp_preview" time="0.075" /><testcase classname="tests.test_cashpe_backend" name="test_verify_otp_wrong_rejected" time="0.136" /><testcase classname="tests.test_cashpe_backend" name="test_verify_otp_reused_rejected" time="0.206" /><testcase classname="tests.test_cashpe_backend" name="test_set_and_verify_pin_ok" time="0.709" /><testcase classname="tests.test_cashpe_backend" name="test_wrong_pin_rejected_and_lock_after_5" time="1.943" /><testcase classname="tests.test_cashpe_backend" name="test_me_has_pin" time="0.068" /><testcase classname="tests.test_cashpe_backend" name="test_wallet_initial" time="0.069" /><testcase classname="tests.test_cashpe_backend" name="test_wallet_add_money" time="0.216" /><testcase classname="tests.test_cashpe_backend" name="test_bill_fetch" time="0.069" /><testcase classname="tests.test_cashpe_backend" name="test_pay_cashfree_creates_scratch_card" time="0.137" /><testcase classname="tests.test_cashpe_backend" name="test_pay_wallet_wrong_pin_rejected" time="0.288" /><testcase classname="tests.test_cashpe_backend" name="test_pay_wallet_insufficient_balance" time="1.551" /><testcase classname="tests.test_cashpe_backend" name="test_pay_wallet_success_deducts" time="0.485" /><testcase classname="tests.test_cashpe_backend" name="test_scratch_hides_amount_and_credits_once" time="0.724" /><testcase classname="tests.test_cashpe_backend" name="test_transactions_sorted_desc" time="0.069" /><testcase classname="tests.test_cashpe_backend" name="test_b2b_master_refill_to_target" time="0.205" /><testcase classname="tests.test_cashpe_backend" name="test_protected_missing_token" time="0.079" /><testcase classname="tests.test_cashpe_backend" name="test_protected_bad_token" time="0.073" /></testsuite></testsuites>